Using pre-set license
Built from '2020.2/release' branch; Version is '2020.2.4f1 (becced5a802b) revision 12504301'; Using compiler version '192528614'; Build Type 'Release'
OS: 'Windows 10 Pro; OS build 19042.928; Version 2009; 64bit' Language: 'en' Physical Memory: 16334 MB
BatchMode: 1, IsHumanControllingUs: 0, StartBugReporterOnCrash: 0, Is64bit: 1, IsPro: 0

 COMMAND LINE ARGUMENTS:
C:\Program Files\Unity\Hub\Editor\2020.2.4f1\Editor\Unity.exe
-adb2
-batchMode
-noUpm
-name
AssetImportWorker0
-projectPath
C:/Users/John/Documents/VIDEO GAME DESIGN AND DEVELOPMENT/Semester 3/VGP142 - Cross-Platform Programming 2/Lab 1 Redo/Programming_Lab1_Redo
-logFile
Logs/AssetImportWorker0.log
-srvPort
63376
Successfully changed project path to: C:/Users/John/Documents/VIDEO GAME DESIGN AND DEVELOPMENT/Semester 3/VGP142 - Cross-Platform Programming 2/Lab 1 Redo/Programming_Lab1_Redo
C:/Users/John/Documents/VIDEO GAME DESIGN AND DEVELOPMENT/Semester 3/VGP142 - Cross-Platform Programming 2/Lab 1 Redo/Programming_Lab1_Redo
Using Asset Import Pipeline V2.
Refreshing native plugins compatible for Editor in 31.12 ms, found 0 plugins.
Preloading 0 native plugins for Editor in 0.00 ms.
Initialize engine version: 2020.2.4f1 (becced5a802b)
[Subsystems] Discovering subsystems at path C:/Program Files/Unity/Hub/Editor/2020.2.4f1/Editor/Data/Resources/UnitySubsystems
[Subsystems] Discovering subsystems at path C:/Users/John/Documents/VIDEO GAME DESIGN AND DEVELOPMENT/Semester 3/VGP142 - Cross-Platform Programming 2/Lab 1 Redo/Programming_Lab1_Redo/Assets
GfxDevice: creating device client; threaded=0
Direct3D:
    Version:  Direct3D 11.0 [level 11.1]
    Renderer: Radeon RX 580 Series (ID=0x67df)
    Vendor:   
    VRAM:     8171 MB
    Driver:   27.20.14535.3005
Initialize mono
Mono path[0] = 'C:/Program Files/Unity/Hub/Editor/2020.2.4f1/Editor/Data/Managed'
Mono path[1] = 'C:/Program Files/Unity/Hub/Editor/2020.2.4f1/Editor/Data/MonoBleedingEdge/lib/mono/unityjit'
Mono config path = 'C:/Program Files/Unity/Hub/Editor/2020.2.4f1/Editor/Data/MonoBleedingEdge/etc'
Using monoOptions --debugger-agent=transport=dt_socket,embedding=1,server=y,suspend=n,address=127.0.0.1:56292
Begin MonoManager ReloadAssembly
Registering precompiled unity dll's ...
Register platform support module: C:/Program Files/Unity/Hub/Editor/2020.2.4f1/Editor/Data/PlaybackEngines/WindowsStandaloneSupport/UnityEditor.WindowsStandalone.Extensions.dll
Registered in 0.002417 seconds.
Native extension for WindowsStandalone target not found
Refreshing native plugins compatible for Editor in 34.43 ms, found 0 plugins.
Preloading 0 native plugins for Editor in 0.00 ms.
Invoked RoslynAnalysisRunner static constructor.
RoslynAnalysisRunner will not be running.
RoslynAnalysisRunner has terminated.
Mono: successfully reloaded assembly
- Completed reload, in  1.218 seconds
Platform modules already initialized, skipping
Registering precompiled user dll's ...
Registered in 0.000899 seconds.
Begin MonoManager ReloadAssembly
Native extension for WindowsStandalone target not found
Refreshing native plugins compatible for Editor in 0.29 ms, found 0 plugins.
Preloading 0 native plugins for Editor in 0.00 ms.
Invoked RoslynAnalysisRunner static constructor.
RoslynAnalysisRunner will not be running.
RoslynAnalysisRunner has terminated.
Mono: successfully reloaded assembly
- Completed reload, in  0.918 seconds
Platform modules already initialized, skipping
========================================================================
Worker process is ready to serve import requests
Launched and connected shader compiler UnityShaderCompiler.exe after 0.05 seconds
Refreshing native plugins compatible for Editor in 0.26 ms, found 0 plugins.
Preloading 0 native plugins for Editor in 0.00 ms.
Unloading 1232 Unused Serialized files (Serialized files now loaded: 0)
System memory in use before: 68.4 MB.
System memory in use after: 68.1 MB.

Unloading 12 unused Assets to reduce memory usage. Loaded Objects now: 1677.
Total: 1.960600 ms (FindLiveObjects: 0.168900 ms CreateObjectMapping: 0.038500 ms MarkObjects: 1.402900 ms  DeleteObjects: 0.349100 ms)

========================================================================
Received Import Request.
  path: Assets/Standard Assets/Characters/ThirdPersonCharacter
  artifactKey: Guid(8912f13e18e67bc478684ec30d73bc64) Importer(815301076,1909f56bfc062723c751e8b465ee728b)
Start importing Assets/Standard Assets/Characters/ThirdPersonCharacter using Guid(8912f13e18e67bc478684ec30d73bc64) Importer(815301076,1909f56bfc062723c751e8b465ee728b)  -> (artifact id: 'a3a14b5da7d9ca85ee5d80bd3fea14dd') in 0.010954 seconds
  Import took 0.013207 seconds .

========================================================================
Received Import Request.
  Time since last request: 6.703340 seconds.
  path: Assets/Standard Assets/Characters/ThirdPersonCharacter/Prefabs/ThirdPersonController.prefab
  artifactKey: Guid(7737647c22c1fc64a88d5cd030c352ce) Importer(815301076,1909f56bfc062723c751e8b465ee728b)
Start importing Assets/Standard Assets/Characters/ThirdPersonCharacter/Prefabs/ThirdPersonController.prefab using Guid(7737647c22c1fc64a88d5cd030c352ce) Importer(815301076,1909f56bfc062723c751e8b465ee728b)  -> (artifact id: '137d5dae31963493b0f1a864b26bc721') in 0.457775 seconds
  Import took 0.462808 seconds .

========================================================================
Received Import Request.
  Time since last request: 127.311435 seconds.
  path: Assets
  artifactKey: Guid(00000000000000001000000000000000) Importer(815301076,1909f56bfc062723c751e8b465ee728b)
Start importing Assets using Guid(00000000000000001000000000000000) Importer(815301076,1909f56bfc062723c751e8b465ee728b)  -> (artifact id: 'edc3feb264a98656617d3c2cb59c8f16') in 0.010508 seconds
  Import took 0.012663 seconds .

========================================================================
Received Import Request.
  Time since last request: 6.944704 seconds.
  path: Assets/Scripts
  artifactKey: Guid(243aac14ea4cb5e418b3bbda4e41f2c0) Importer(815301076,1909f56bfc062723c751e8b465ee728b)
Start importing Assets/Scripts using Guid(243aac14ea4cb5e418b3bbda4e41f2c0) Importer(815301076,1909f56bfc062723c751e8b465ee728b)  -> (artifact id: 'b9e070e734f682793c48f696d17f0aa6') in 0.010828 seconds
  Import took 0.012903 seconds .

========================================================================
Received Import Request.
  Time since last request: 4.311213 seconds.
  path: Assets/Scripts/Items
  artifactKey: Guid(5d85ba19ca4244641a355c02bed8e10e) Importer(815301076,1909f56bfc062723c751e8b465ee728b)
Start importing Assets/Scripts/Items using Guid(5d85ba19ca4244641a355c02bed8e10e) Importer(815301076,1909f56bfc062723c751e8b465ee728b)  -> (artifact id: '65cce394a8a33c73c676e1798614a721') in 0.010920 seconds
  Import took 0.013340 seconds .

========================================================================
Received Import Request.
  Time since last request: 5.752130 seconds.
  path: Assets/Scripts/Player
  artifactKey: Guid(c96db924e98127f4bacc64a04cd46262) Importer(815301076,1909f56bfc062723c751e8b465ee728b)
Start importing Assets/Scripts/Player using Guid(c96db924e98127f4bacc64a04cd46262) Importer(815301076,1909f56bfc062723c751e8b465ee728b)  -> (artifact id: '0e036a0ad6dd0cab2d63279b21637aa6') in 0.010391 seconds
  Import took 0.012476 seconds .

========================================================================
Received Import Request.
  Time since last request: 13.983498 seconds.
  path: Assets/Scripts/Items/ItemCollecting.cs
  artifactKey: Guid(9c0485bec20ca94418933c2b39a576c1) Importer(815301076,1909f56bfc062723c751e8b465ee728b)
Start importing Assets/Scripts/Items/ItemCollecting.cs using Guid(9c0485bec20ca94418933c2b39a576c1) Importer(815301076,1909f56bfc062723c751e8b465ee728b)  -> (artifact id: '54dd9f9fc6058cb83134bdacb1b04056') in 0.014022 seconds
  Import took 0.016668 seconds .

========================================================================
Received Prepare
Registering precompiled user dll's ...
Registered in 0.000891 seconds.
Begin MonoManager ReloadAssembly
Native extension for WindowsStandalone target not found
Refreshing native plugins compatible for Editor in 0.29 ms, found 0 plugins.
Preloading 0 native plugins for Editor in 0.00 ms.
Invoked RoslynAnalysisRunner static constructor.
RoslynAnalysisRunner will not be running.
RoslynAnalysisRunner has terminated.
Mono: successfully reloaded assembly
- Completed reload, in  0.839 seconds
Platform modules already initialized, skipping
Refreshing native plugins compatible for Editor in 0.26 ms, found 0 plugins.
Preloading 0 native plugins for Editor in 0.00 ms.
Unloading 1209 Unused Serialized files (Serialized files now loaded: 0)
System memory in use before: 84.4 MB.
System memory in use after: 84.1 MB.

Unloading 7 unused Assets to reduce memory usage. Loaded Objects now: 1689.
Total: 2.069700 ms (FindLiveObjects: 0.226700 ms CreateObjectMapping: 0.045200 ms MarkObjects: 1.450300 ms  DeleteObjects: 0.346000 ms)

========================================================================
Received Import Request.
  Time since last request: 291.823278 seconds.
  path: Assets/Scripts/GameManager
  artifactKey: Guid(452da3781c4ed414588a809beb376c0e) Importer(815301076,1909f56bfc062723c751e8b465ee728b)
Start importing Assets/Scripts/GameManager using Guid(452da3781c4ed414588a809beb376c0e) Importer(815301076,1909f56bfc062723c751e8b465ee728b)  -> (artifact id: 'ffbd6b19f9adc4179d6dd74ba11b4d55') in 0.013366 seconds
  Import took 0.015654 seconds .

========================================================================
Received Import Request.
  Time since last request: 7.809877 seconds.
  path: Assets/Scripts/GameManager/GameManager.cs
  artifactKey: Guid(6e12bba003fe9d14e87707e77a5c7d7c) Importer(815301076,1909f56bfc062723c751e8b465ee728b)
Start importing Assets/Scripts/GameManager/GameManager.cs using Guid(6e12bba003fe9d14e87707e77a5c7d7c) Importer(815301076,1909f56bfc062723c751e8b465ee728b)  -> (artifact id: '03035f7f609ef05243c527a37215b18c') in 0.004513 seconds
  Import took 0.007070 seconds .

========================================================================
Received Prepare
Registering precompiled user dll's ...
Registered in 0.001004 seconds.
Begin MonoManager ReloadAssembly
Native extension for WindowsStandalone target not found
Refreshing native plugins compatible for Editor in 0.26 ms, found 0 plugins.
Preloading 0 native plugins for Editor in 0.00 ms.
Invoked RoslynAnalysisRunner static constructor.
RoslynAnalysisRunner will not be running.
RoslynAnalysisRunner has terminated.
Mono: successfully reloaded assembly
- Completed reload, in  0.836 seconds
Platform modules already initialized, skipping
Refreshing native plugins compatible for Editor in 0.28 ms, found 0 plugins.
Preloading 0 native plugins for Editor in 0.00 ms.
Unloading 1210 Unused Serialized files (Serialized files now loaded: 0)
System memory in use before: 84.4 MB.
System memory in use after: 84.1 MB.

Unloading 7 unused Assets to reduce memory usage. Loaded Objects now: 1692.
Total: 1.978700 ms (FindLiveObjects: 0.172200 ms CreateObjectMapping: 0.029200 ms MarkObjects: 1.385400 ms  DeleteObjects: 0.390600 ms)

========================================================================
Received Import Request.
  Time since last request: 190.648798 seconds.
  path: Assets/Scripts/GameManager/GameManager.cs
  artifactKey: Guid(6e12bba003fe9d14e87707e77a5c7d7c) Importer(815301076,1909f56bfc062723c751e8b465ee728b)
Start importing Assets/Scripts/GameManager/GameManager.cs using Guid(6e12bba003fe9d14e87707e77a5c7d7c) Importer(815301076,1909f56bfc062723c751e8b465ee728b)  -> (artifact id: '166b65696a204cb9f9b8d4c39187a8a7') in 0.005620 seconds
  Import took 0.009302 seconds .

========================================================================
Received Prepare
Registering precompiled user dll's ...
Registered in 0.000901 seconds.
Begin MonoManager ReloadAssembly
Native extension for WindowsStandalone target not found
Refreshing native plugins compatible for Editor in 0.28 ms, found 0 plugins.
Preloading 0 native plugins for Editor in 0.00 ms.
Invoked RoslynAnalysisRunner static constructor.
RoslynAnalysisRunner will not be running.
RoslynAnalysisRunner has terminated.
Mono: successfully reloaded assembly
- Completed reload, in  0.814 seconds
Platform modules already initialized, skipping
Refreshing native plugins compatible for Editor in 0.26 ms, found 0 plugins.
Preloading 0 native plugins for Editor in 0.00 ms.
Unloading 1210 Unused Serialized files (Serialized files now loaded: 0)
System memory in use before: 84.4 MB.
System memory in use after: 84.1 MB.

Unloading 7 unused Assets to reduce memory usage. Loaded Objects now: 1694.
Total: 2.086600 ms (FindLiveObjects: 0.165100 ms CreateObjectMapping: 0.029800 ms MarkObjects: 1.509400 ms  DeleteObjects: 0.381000 ms)

========================================================================
Received Import Request.
  Time since last request: 22.730169 seconds.
  path: Assets/Scripts/Items/ItemCollecting.cs
  artifactKey: Guid(9c0485bec20ca94418933c2b39a576c1) Importer(815301076,1909f56bfc062723c751e8b465ee728b)
Start importing Assets/Scripts/Items/ItemCollecting.cs using Guid(9c0485bec20ca94418933c2b39a576c1) Importer(815301076,1909f56bfc062723c751e8b465ee728b)  -> (artifact id: '9a63fcddeee9c73c5a19ba790b566daa') in 0.006504 seconds
  Import took 0.009044 seconds .

========================================================================
Received Prepare
Registering precompiled user dll's ...
Registered in 0.001098 seconds.
Begin MonoManager ReloadAssembly
Native extension for WindowsStandalone target not found
Refreshing native plugins compatible for Editor in 0.31 ms, found 0 plugins.
Preloading 0 native plugins for Editor in 0.00 ms.
Invoked RoslynAnalysisRunner static constructor.
RoslynAnalysisRunner will not be running.
RoslynAnalysisRunner has terminated.
Mono: successfully reloaded assembly
- Completed reload, in  0.818 seconds
Platform modules already initialized, skipping
Refreshing native plugins compatible for Editor in 0.27 ms, found 0 plugins.
Preloading 0 native plugins for Editor in 0.00 ms.
Unloading 1210 Unused Serialized files (Serialized files now loaded: 0)
System memory in use before: 84.4 MB.
System memory in use after: 84.2 MB.

Unloading 7 unused Assets to reduce memory usage. Loaded Objects now: 1696.
Total: 2.417500 ms (FindLiveObjects: 0.261100 ms CreateObjectMapping: 0.041900 ms MarkObjects: 1.690100 ms  DeleteObjects: 0.423400 ms)

========================================================================
Received Import Request.
  Time since last request: 267.000573 seconds.
  path: Assets/Standard Assets/Characters/ThirdPersonCharacter/Prefabs/ThirdPersonController.prefab
  artifactKey: Guid(7737647c22c1fc64a88d5cd030c352ce) Importer(815301076,1909f56bfc062723c751e8b465ee728b)
Start importing Assets/Standard Assets/Characters/ThirdPersonCharacter/Prefabs/ThirdPersonController.prefab using Guid(7737647c22c1fc64a88d5cd030c352ce) Importer(815301076,1909f56bfc062723c751e8b465ee728b)  -> (artifact id: 'd736cc359694125013b884dddb481f0b') in 0.136422 seconds
  Import took 0.142863 seconds .

========================================================================
Received Prepare
Registering precompiled user dll's ...
Registered in 0.000911 seconds.
Begin MonoManager ReloadAssembly
Native extension for WindowsStandalone target not found
Refreshing native plugins compatible for Editor in 0.26 ms, found 0 plugins.
Preloading 0 native plugins for Editor in 0.00 ms.
Invoked RoslynAnalysisRunner static constructor.
RoslynAnalysisRunner will not be running.
RoslynAnalysisRunner has terminated.
Mono: successfully reloaded assembly
- Completed reload, in  0.831 seconds
Platform modules already initialized, skipping
Refreshing native plugins compatible for Editor in 0.27 ms, found 0 plugins.
Preloading 0 native plugins for Editor in 0.00 ms.
Unloading 1210 Unused Serialized files (Serialized files now loaded: 0)
System memory in use before: 84.5 MB.
System memory in use after: 84.2 MB.

Unloading 7 unused Assets to reduce memory usage. Loaded Objects now: 1699.
Total: 2.071400 ms (FindLiveObjects: 0.189300 ms CreateObjectMapping: 0.029500 ms MarkObjects: 1.459100 ms  DeleteObjects: 0.392500 ms)

========================================================================
Received Prepare
Registering precompiled user dll's ...
Registered in 0.001246 seconds.
Begin MonoManager ReloadAssembly
Native extension for WindowsStandalone target not found
Refreshing native plugins compatible for Editor in 0.26 ms, found 0 plugins.
Preloading 0 native plugins for Editor in 0.00 ms.
Invoked RoslynAnalysisRunner static constructor.
RoslynAnalysisRunner will not be running.
RoslynAnalysisRunner has terminated.
Mono: successfully reloaded assembly
- Completed reload, in  0.838 seconds
Platform modules already initialized, skipping
Script error: OnCollisionEnter
This message parameter has to be of type: Collision
The message will be ignored.

Refreshing native plugins compatible for Editor in 0.26 ms, found 0 plugins.
Preloading 0 native plugins for Editor in 0.00 ms.
Unloading 1210 Unused Serialized files (Serialized files now loaded: 0)
System memory in use before: 84.6 MB.
System memory in use after: 84.3 MB.

Unloading 7 unused Assets to reduce memory usage. Loaded Objects now: 1701.
Total: 2.097700 ms (FindLiveObjects: 0.289400 ms CreateObjectMapping: 0.037000 ms MarkObjects: 1.378800 ms  DeleteObjects: 0.391000 ms)

========================================================================
Received Prepare
Registering precompiled user dll's ...
Registered in 0.001020 seconds.
Begin MonoManager ReloadAssembly
Native extension for WindowsStandalone target not found
Refreshing native plugins compatible for Editor in 0.37 ms, found 0 plugins.
Preloading 0 native plugins for Editor in 0.00 ms.
Invoked RoslynAnalysisRunner static constructor.
RoslynAnalysisRunner will not be running.
RoslynAnalysisRunner has terminated.
Mono: successfully reloaded assembly
- Completed reload, in  0.817 seconds
Platform modules already initialized, skipping
Script error: OnCollisionEnter
This message parameter has to be of type: Collision
The message will be ignored.

Refreshing native plugins compatible for Editor in 0.30 ms, found 0 plugins.
Preloading 0 native plugins for Editor in 0.00 ms.
Unloading 1210 Unused Serialized files (Serialized files now loaded: 0)
System memory in use before: 84.6 MB.
System memory in use after: 84.3 MB.

Unloading 7 unused Assets to reduce memory usage. Loaded Objects now: 1703.
Total: 2.459400 ms (FindLiveObjects: 0.231800 ms CreateObjectMapping: 0.036800 ms MarkObjects: 1.754100 ms  DeleteObjects: 0.435100 ms)

========================================================================
Received Prepare
Registering precompiled user dll's ...
Registered in 0.001044 seconds.
Begin MonoManager ReloadAssembly
Native extension for WindowsStandalone target not found
Refreshing native plugins compatible for Editor in 0.27 ms, found 0 plugins.
Preloading 0 native plugins for Editor in 0.00 ms.
Invoked RoslynAnalysisRunner static constructor.
RoslynAnalysisRunner will not be running.
RoslynAnalysisRunner has terminated.
Mono: successfully reloaded assembly
- Completed reload, in  0.840 seconds
Platform modules already initialized, skipping
Refreshing native plugins compatible for Editor in 0.41 ms, found 0 plugins.
Preloading 0 native plugins for Editor in 0.00 ms.
Unloading 1210 Unused Serialized files (Serialized files now loaded: 0)
System memory in use before: 84.6 MB.
System memory in use after: 84.3 MB.

Unloading 7 unused Assets to reduce memory usage. Loaded Objects now: 1705.
Total: 2.712500 ms (FindLiveObjects: 0.226200 ms CreateObjectMapping: 0.032600 ms MarkObjects: 1.975400 ms  DeleteObjects: 0.475900 ms)

========================================================================
Received Prepare
Registering precompiled user dll's ...
Registered in 0.001333 seconds.
Begin MonoManager ReloadAssembly
Native extension for WindowsStandalone target not found
Refreshing native plugins compatible for Editor in 0.28 ms, found 0 plugins.
Preloading 0 native plugins for Editor in 0.00 ms.
Invoked RoslynAnalysisRunner static constructor.
RoslynAnalysisRunner will not be running.
RoslynAnalysisRunner has terminated.
Mono: successfully reloaded assembly
- Completed reload, in  0.874 seconds
Platform modules already initialized, skipping
Refreshing native plugins compatible for Editor in 0.32 ms, found 0 plugins.
Preloading 0 native plugins for Editor in 0.00 ms.
Unloading 1210 Unused Serialized files (Serialized files now loaded: 0)
System memory in use before: 84.6 MB.
System memory in use after: 84.3 MB.

Unloading 7 unused Assets to reduce memory usage. Loaded Objects now: 1707.
Total: 2.543100 ms (FindLiveObjects: 0.291200 ms CreateObjectMapping: 0.052600 ms MarkObjects: 1.731600 ms  DeleteObjects: 0.465300 ms)

========================================================================
Received Prepare
Registering precompiled user dll's ...
Registered in 0.000885 seconds.
Begin MonoManager ReloadAssembly
Native extension for WindowsStandalone target not found
Refreshing native plugins compatible for Editor in 0.26 ms, found 0 plugins.
Preloading 0 native plugins for Editor in 0.00 ms.
Invoked RoslynAnalysisRunner static constructor.
RoslynAnalysisRunner will not be running.
RoslynAnalysisRunner has terminated.
Mono: successfully reloaded assembly
- Completed reload, in  0.832 seconds
Platform modules already initialized, skipping
Refreshing native plugins compatible for Editor in 0.26 ms, found 0 plugins.
Preloading 0 native plugins for Editor in 0.00 ms.
Unloading 1210 Unused Serialized files (Serialized files now loaded: 0)
System memory in use before: 84.6 MB.
System memory in use after: 84.3 MB.

Unloading 7 unused Assets to reduce memory usage. Loaded Objects now: 1709.
Total: 1.951800 ms (FindLiveObjects: 0.165000 ms CreateObjectMapping: 0.029200 ms MarkObjects: 1.363600 ms  DeleteObjects: 0.392800 ms)

========================================================================
Received Import Request.
  Time since last request: 1717.611873 seconds.
  path: Assets/Standard Assets/Characters/ThirdPersonCharacter/Prefabs/AIThirdPersonController.prefab
  artifactKey: Guid(54eb5844754051b40a918a84c33b7c1a) Importer(815301076,1909f56bfc062723c751e8b465ee728b)
Start importing Assets/Standard Assets/Characters/ThirdPersonCharacter/Prefabs/AIThirdPersonController.prefab using Guid(54eb5844754051b40a918a84c33b7c1a) Importer(815301076,1909f56bfc062723c751e8b465ee728b)  -> (artifact id: 'd6307d40293b912eedab65c3d4cdc079') in 0.162079 seconds
  Import took 0.168315 seconds .

========================================================================
Received Import Request.
  Time since last request: 0.003699 seconds.
  path: Assets/Standard Assets/Characters/ThirdPersonCharacter/Prefabs/AIThirdPersonController.prefab
  artifactKey: Guid(54eb5844754051b40a918a84c33b7c1a) Importer(815301076,1909f56bfc062723c751e8b465ee728b)
Start importing Assets/Standard Assets/Characters/ThirdPersonCharacter/Prefabs/AIThirdPersonController.prefab using Guid(54eb5844754051b40a918a84c33b7c1a) Importer(815301076,1909f56bfc062723c751e8b465ee728b)  -> (artifact id: 'd6307d40293b912eedab65c3d4cdc079') in 0.076558 seconds
  Import took 0.082545 seconds .

========================================================================
Received Prepare
Registering precompiled user dll's ...
Registered in 0.000856 seconds.
Begin MonoManager ReloadAssembly
Native extension for WindowsStandalone target not found
Refreshing native plugins compatible for Editor in 0.26 ms, found 0 plugins.
Preloading 0 native plugins for Editor in 0.00 ms.
Invoked RoslynAnalysisRunner static constructor.
RoslynAnalysisRunner will not be running.
RoslynAnalysisRunner has terminated.
Mono: successfully reloaded assembly
- Completed reload, in  0.827 seconds
Platform modules already initialized, skipping
Refreshing native plugins compatible for Editor in 0.27 ms, found 0 plugins.
Preloading 0 native plugins for Editor in 0.00 ms.
Unloading 1210 Unused Serialized files (Serialized files now loaded: 0)
System memory in use before: 84.8 MB.
System memory in use after: 84.5 MB.

Unloading 7 unused Assets to reduce memory usage. Loaded Objects now: 1712.
Total: 2.648100 ms (FindLiveObjects: 0.186900 ms CreateObjectMapping: 0.032800 ms MarkObjects: 1.953600 ms  DeleteObjects: 0.473100 ms)

========================================================================
Received Import Request.
  Time since last request: 8.705192 seconds.
  path: Assets/Standard Assets/Characters/ThirdPersonCharacter/Prefabs/ThirdPersonController.prefab
  artifactKey: Guid(7737647c22c1fc64a88d5cd030c352ce) Importer(815301076,1909f56bfc062723c751e8b465ee728b)
Start importing Assets/Standard Assets/Characters/ThirdPersonCharacter/Prefabs/ThirdPersonController.prefab using Guid(7737647c22c1fc64a88d5cd030c352ce) Importer(815301076,1909f56bfc062723c751e8b465ee728b)  -> (artifact id: 'b728ac6a43c5e067da7a21435e0ce037') in 0.127415 seconds
  Import took 0.133797 seconds .

========================================================================
Received Import Request.
  Time since last request: 42.077319 seconds.
  path: Assets/Standard Assets/Characters/ThirdPersonCharacter/Prefabs/ThirdPersonController.prefab
  artifactKey: Guid(7737647c22c1fc64a88d5cd030c352ce) Importer(815301076,1909f56bfc062723c751e8b465ee728b)
Start importing Assets/Standard Assets/Characters/ThirdPersonCharacter/Prefabs/ThirdPersonController.prefab using Guid(7737647c22c1fc64a88d5cd030c352ce) Importer(815301076,1909f56bfc062723c751e8b465ee728b)  -> (artifact id: '3607e5f5149d88fa78e89c16b8290767') in 0.081050 seconds
  Import took 0.087101 seconds .

========================================================================
Received Import Request.
  Time since last request: 15.640612 seconds.
  path: Assets/Standard Assets/Characters/ThirdPersonCharacter/Prefabs/ThirdPersonController.prefab
  artifactKey: Guid(7737647c22c1fc64a88d5cd030c352ce) Importer(815301076,1909f56bfc062723c751e8b465ee728b)
Start importing Assets/Standard Assets/Characters/ThirdPersonCharacter/Prefabs/ThirdPersonController.prefab using Guid(7737647c22c1fc64a88d5cd030c352ce) Importer(815301076,1909f56bfc062723c751e8b465ee728b)  -> (artifact id: '7b4726ded0bdcd01308dcc11c522fdf6') in 0.076586 seconds
  Import took 0.084558 seconds .

========================================================================
Received Import Request.
  Time since last request: 7.589360 seconds.
  path: Assets/Standard Assets/Characters/ThirdPersonCharacter/Prefabs/ThirdPersonController.prefab
  artifactKey: Guid(7737647c22c1fc64a88d5cd030c352ce) Importer(815301076,1909f56bfc062723c751e8b465ee728b)
Start importing Assets/Standard Assets/Characters/ThirdPersonCharacter/Prefabs/ThirdPersonController.prefab using Guid(7737647c22c1fc64a88d5cd030c352ce) Importer(815301076,1909f56bfc062723c751e8b465ee728b)  -> (artifact id: '62cd205f280bdec589d6369a9bc59fc6') in 0.079710 seconds
  Import took 0.087970 seconds .

========================================================================
Received Import Request.
  Time since last request: 2.932554 seconds.
  path: Assets/Standard Assets/Characters/ThirdPersonCharacter/Prefabs/ThirdPersonController.prefab
  artifactKey: Guid(7737647c22c1fc64a88d5cd030c352ce) Importer(815301076,1909f56bfc062723c751e8b465ee728b)
Start importing Assets/Standard Assets/Characters/ThirdPersonCharacter/Prefabs/ThirdPersonController.prefab using Guid(7737647c22c1fc64a88d5cd030c352ce) Importer(815301076,1909f56bfc062723c751e8b465ee728b)  -> (artifact id: 'a49b38443d6bef547b0ae4ec1713a622') in 0.069140 seconds
  Import took 0.075478 seconds .

========================================================================
Received Import Request.
  Time since last request: 17.063122 seconds.
  path: Assets/Standard Assets/Characters/ThirdPersonCharacter/Prefabs/ThirdPersonController.prefab
  artifactKey: Guid(7737647c22c1fc64a88d5cd030c352ce) Importer(815301076,1909f56bfc062723c751e8b465ee728b)
Start importing Assets/Standard Assets/Characters/ThirdPersonCharacter/Prefabs/ThirdPersonController.prefab using Guid(7737647c22c1fc64a88d5cd030c352ce) Importer(815301076,1909f56bfc062723c751e8b465ee728b)  -> (artifact id: '99c23d88c2d6150d4cf8e27600e055f1') in 0.078323 seconds
  Import took 0.084937 seconds .

========================================================================
Received Import Request.
  Time since last request: 5.760345 seconds.
  path: Assets/Standard Assets/Characters/ThirdPersonCharacter/Prefabs/ThirdPersonController.prefab
  artifactKey: Guid(7737647c22c1fc64a88d5cd030c352ce) Importer(815301076,1909f56bfc062723c751e8b465ee728b)
Start importing Assets/Standard Assets/Characters/ThirdPersonCharacter/Prefabs/ThirdPersonController.prefab using Guid(7737647c22c1fc64a88d5cd030c352ce) Importer(815301076,1909f56bfc062723c751e8b465ee728b)  -> (artifact id: '5a0a70ed3d44f18532879657c8b57b68') in 0.075152 seconds
  Import took 0.081680 seconds .

========================================================================
Received Import Request.
  Time since last request: 13.043240 seconds.
  path: Assets/Standard Assets/Characters/ThirdPersonCharacter/Prefabs/ThirdPersonController.prefab
  artifactKey: Guid(7737647c22c1fc64a88d5cd030c352ce) Importer(815301076,1909f56bfc062723c751e8b465ee728b)
Start importing Assets/Standard Assets/Characters/ThirdPersonCharacter/Prefabs/ThirdPersonController.prefab using Guid(7737647c22c1fc64a88d5cd030c352ce) Importer(815301076,1909f56bfc062723c751e8b465ee728b)  -> (artifact id: 'e236758fc67e1f908a9cc13fb3cf545f') in 0.078282 seconds
  Import took 0.084470 seconds .

========================================================================
Received Import Request.
  Time since last request: 4.948204 seconds.
  path: Assets/Standard Assets/Characters/ThirdPersonCharacter/Prefabs/ThirdPersonController.prefab
  artifactKey: Guid(7737647c22c1fc64a88d5cd030c352ce) Importer(815301076,1909f56bfc062723c751e8b465ee728b)
Start importing Assets/Standard Assets/Characters/ThirdPersonCharacter/Prefabs/ThirdPersonController.prefab using Guid(7737647c22c1fc64a88d5cd030c352ce) Importer(815301076,1909f56bfc062723c751e8b465ee728b)  -> (artifact id: '07f353535763061853016c805c830496') in 0.068289 seconds
  Import took 0.074299 seconds .

========================================================================
Received Import Request.
  Time since last request: 5.381569 seconds.
  path: Assets/Standard Assets/Characters/ThirdPersonCharacter/Prefabs/ThirdPersonController.prefab
  artifactKey: Guid(7737647c22c1fc64a88d5cd030c352ce) Importer(815301076,1909f56bfc062723c751e8b465ee728b)
Start importing Assets/Standard Assets/Characters/ThirdPersonCharacter/Prefabs/ThirdPersonController.prefab using Guid(7737647c22c1fc64a88d5cd030c352ce) Importer(815301076,1909f56bfc062723c751e8b465ee728b)  -> (artifact id: '795ac4c92cd5aa0bd4f29bb5916a4c26') in 0.071033 seconds
  Import took 0.077211 seconds .

========================================================================
Received Import Request.
  Time since last request: 4.364243 seconds.
  path: Assets/Standard Assets/Characters/ThirdPersonCharacter/Prefabs/ThirdPersonController.prefab
  artifactKey: Guid(7737647c22c1fc64a88d5cd030c352ce) Importer(815301076,1909f56bfc062723c751e8b465ee728b)
Start importing Assets/Standard Assets/Characters/ThirdPersonCharacter/Prefabs/ThirdPersonController.prefab using Guid(7737647c22c1fc64a88d5cd030c352ce) Importer(815301076,1909f56bfc062723c751e8b465ee728b)  -> (artifact id: '21a99f7e6c07b6e2b585739b0ccef911') in 0.072002 seconds
  Import took 0.079120 seconds .

========================================================================
Received Import Request.
  Time since last request: 5.571233 seconds.
  path: Assets/Standard Assets/Characters/ThirdPersonCharacter/Prefabs/ThirdPersonController.prefab
  artifactKey: Guid(7737647c22c1fc64a88d5cd030c352ce) Importer(815301076,1909f56bfc062723c751e8b465ee728b)
Start importing Assets/Standard Assets/Characters/ThirdPersonCharacter/Prefabs/ThirdPersonController.prefab using Guid(7737647c22c1fc64a88d5cd030c352ce) Importer(815301076,1909f56bfc062723c751e8b465ee728b)  -> (artifact id: '5917dfbb9f696faac8983f2a7a9cdda4') in 0.074565 seconds
  Import took 0.081170 seconds .

========================================================================
Received Prepare
Registering precompiled user dll's ...
Registered in 0.000871 seconds.
Begin MonoManager ReloadAssembly
Native extension for WindowsStandalone target not found
Refreshing native plugins compatible for Editor in 0.30 ms, found 0 plugins.
Preloading 0 native plugins for Editor in 0.00 ms.
Invoked RoslynAnalysisRunner static constructor.
RoslynAnalysisRunner will not be running.
RoslynAnalysisRunner has terminated.
Mono: successfully reloaded assembly
- Completed reload, in  0.838 seconds
Platform modules already initialized, skipping
Refreshing native plugins compatible for Editor in 0.27 ms, found 0 plugins.
Preloading 0 native plugins for Editor in 0.00 ms.
Unloading 1210 Unused Serialized files (Serialized files now loaded: 0)
System memory in use before: 85.0 MB.
System memory in use after: 84.8 MB.

Unloading 7 unused Assets to reduce memory usage. Loaded Objects now: 1715.
Total: 2.002900 ms (FindLiveObjects: 0.168800 ms CreateObjectMapping: 0.031400 ms MarkObjects: 1.409400 ms  DeleteObjects: 0.392000 ms)

========================================================================
Received Import Request.
  Time since last request: 60.382326 seconds.
  path: Assets/Standard Assets/Characters/ThirdPersonCharacter/Prefabs/ThirdPersonController.prefab
  artifactKey: Guid(7737647c22c1fc64a88d5cd030c352ce) Importer(815301076,1909f56bfc062723c751e8b465ee728b)
Start importing Assets/Standard Assets/Characters/ThirdPersonCharacter/Prefabs/ThirdPersonController.prefab using Guid(7737647c22c1fc64a88d5cd030c352ce) Importer(815301076,1909f56bfc062723c751e8b465ee728b)  -> (artifact id: '81056320a7520fa2ec169d251002646f') in 0.120292 seconds
  Import took 0.126539 seconds .

========================================================================
Received Prepare
Registering precompiled user dll's ...
Registered in 0.000843 seconds.
Begin MonoManager ReloadAssembly
Native extension for WindowsStandalone target not found
Refreshing native plugins compatible for Editor in 0.27 ms, found 0 plugins.
Preloading 0 native plugins for Editor in 0.00 ms.
Invoked RoslynAnalysisRunner static constructor.
RoslynAnalysisRunner will not be running.
RoslynAnalysisRunner has terminated.
Mono: successfully reloaded assembly
- Completed reload, in  0.825 seconds
Platform modules already initialized, skipping
Refreshing native plugins compatible for Editor in 0.39 ms, found 0 plugins.
Preloading 0 native plugins for Editor in 0.00 ms.
Unloading 1210 Unused Serialized files (Serialized files now loaded: 0)
System memory in use before: 85.0 MB.
System memory in use after: 84.8 MB.

Unloading 7 unused Assets to reduce memory usage. Loaded Objects now: 1718.
Total: 1.971800 ms (FindLiveObjects: 0.156700 ms CreateObjectMapping: 0.029600 ms MarkObjects: 1.381600 ms  DeleteObjects: 0.402700 ms)

========================================================================
Received Prepare
Registering precompiled user dll's ...
Registered in 0.000906 seconds.
Begin MonoManager ReloadAssembly
Native extension for WindowsStandalone target not found
Refreshing native plugins compatible for Editor in 0.28 ms, found 0 plugins.
Preloading 0 native plugins for Editor in 0.00 ms.
Invoked RoslynAnalysisRunner static constructor.
RoslynAnalysisRunner will not be running.
RoslynAnalysisRunner has terminated.
Mono: successfully reloaded assembly
- Completed reload, in  0.848 seconds
Platform modules already initialized, skipping
Refreshing native plugins compatible for Editor in 0.27 ms, found 0 plugins.
Preloading 0 native plugins for Editor in 0.00 ms.
Unloading 1210 Unused Serialized files (Serialized files now loaded: 0)
System memory in use before: 85.0 MB.
System memory in use after: 84.8 MB.

Unloading 7 unused Assets to reduce memory usage. Loaded Objects now: 1720.
Total: 2.078500 ms (FindLiveObjects: 0.167600 ms CreateObjectMapping: 0.031000 ms MarkObjects: 1.475300 ms  DeleteObjects: 0.403200 ms)

========================================================================
Received Import Request.
  Time since last request: 133.681574 seconds.
  path: Assets/Standard Assets/Characters/ThirdPersonCharacter/Prefabs/ThirdPersonController.prefab
  artifactKey: Guid(7737647c22c1fc64a88d5cd030c352ce) Importer(815301076,1909f56bfc062723c751e8b465ee728b)
Start importing Assets/Standard Assets/Characters/ThirdPersonCharacter/Prefabs/ThirdPersonController.prefab using Guid(7737647c22c1fc64a88d5cd030c352ce) Importer(815301076,1909f56bfc062723c751e8b465ee728b)  -> (artifact id: '0d66c0d8d5e5f32c977405b1a2d6fa58') in 0.127120 seconds
  Import took 0.133121 seconds .

========================================================================
Received Import Request.
  Time since last request: 33.840926 seconds.
  path: ProjectSettings/TagManager.asset
  artifactKey: Guid(00000000000000003000000000000000) Importer(815301076,1909f56bfc062723c751e8b465ee728b)
Start importing ProjectSettings/TagManager.asset using Guid(00000000000000003000000000000000) Importer(815301076,1909f56bfc062723c751e8b465ee728b)  -> (artifact id: 'd7fc6db537de490c66388a0e179d6586') in 0.012624 seconds
  Import took 0.014817 seconds .

========================================================================
Received Prepare
Registering precompiled user dll's ...
Registered in 0.000925 seconds.
Begin MonoManager ReloadAssembly
Native extension for WindowsStandalone target not found
Refreshing native plugins compatible for Editor in 0.27 ms, found 0 plugins.
Preloading 0 native plugins for Editor in 0.00 ms.
Invoked RoslynAnalysisRunner static constructor.
RoslynAnalysisRunner will not be running.
RoslynAnalysisRunner has terminated.
Mono: successfully reloaded assembly
- Completed reload, in  0.829 seconds
Platform modules already initialized, skipping
Refreshing native plugins compatible for Editor in 0.26 ms, found 0 plugins.
Preloading 0 native plugins for Editor in 0.00 ms.
Unloading 1210 Unused Serialized files (Serialized files now loaded: 0)
System memory in use before: 85.1 MB.
System memory in use after: 84.8 MB.

Unloading 8 unused Assets to reduce memory usage. Loaded Objects now: 1723.
Total: 2.417900 ms (FindLiveObjects: 0.284900 ms CreateObjectMapping: 0.058700 ms MarkObjects: 1.625400 ms  DeleteObjects: 0.446700 ms)

========================================================================
Received Prepare
Registering precompiled user dll's ...
Registered in 0.000858 seconds.
Begin MonoManager ReloadAssembly
Native extension for WindowsStandalone target not found
Refreshing native plugins compatible for Editor in 0.27 ms, found 0 plugins.
Preloading 0 native plugins for Editor in 0.00 ms.
Invoked RoslynAnalysisRunner static constructor.
RoslynAnalysisRunner will not be running.
RoslynAnalysisRunner has terminated.
Mono: successfully reloaded assembly
- Completed reload, in  0.819 seconds
Platform modules already initialized, skipping
Refreshing native plugins compatible for Editor in 0.27 ms, found 0 plugins.
Preloading 0 native plugins for Editor in 0.00 ms.
Unloading 1210 Unused Serialized files (Serialized files now loaded: 0)
System memory in use before: 85.1 MB.
System memory in use after: 84.8 MB.

Unloading 7 unused Assets to reduce memory usage. Loaded Objects now: 1725.
Total: 2.072000 ms (FindLiveObjects: 0.216000 ms CreateObjectMapping: 0.037100 ms MarkObjects: 1.421400 ms  DeleteObjects: 0.396300 ms)

========================================================================
Received Prepare
Registering precompiled user dll's ...
Registered in 0.001048 seconds.
Begin MonoManager ReloadAssembly
Native extension for WindowsStandalone target not found
Refreshing native plugins compatible for Editor in 0.28 ms, found 0 plugins.
Preloading 0 native plugins for Editor in 0.00 ms.
Invoked RoslynAnalysisRunner static constructor.
RoslynAnalysisRunner will not be running.
RoslynAnalysisRunner has terminated.
Mono: successfully reloaded assembly
- Completed reload, in  0.849 seconds
Platform modules already initialized, skipping
Refreshing native plugins compatible for Editor in 0.28 ms, found 0 plugins.
Preloading 0 native plugins for Editor in 0.00 ms.
Unloading 1210 Unused Serialized files (Serialized files now loaded: 0)
System memory in use before: 85.1 MB.
System memory in use after: 84.8 MB.

Unloading 7 unused Assets to reduce memory usage. Loaded Objects now: 1727.
Total: 1.954700 ms (FindLiveObjects: 0.182500 ms CreateObjectMapping: 0.031200 ms MarkObjects: 1.345300 ms  DeleteObjects: 0.394300 ms)

========================================================================
Received Prepare
Registering precompiled user dll's ...
Registered in 0.001230 seconds.
Begin MonoManager ReloadAssembly
Native extension for WindowsStandalone target not found
Refreshing native plugins compatible for Editor in 0.26 ms, found 0 plugins.
Preloading 0 native plugins for Editor in 0.00 ms.
Invoked RoslynAnalysisRunner static constructor.
RoslynAnalysisRunner will not be running.
RoslynAnalysisRunner has terminated.
Mono: successfully reloaded assembly
- Completed reload, in  0.840 seconds
Platform modules already initialized, skipping
Refreshing native plugins compatible for Editor in 0.32 ms, found 0 plugins.
Preloading 0 native plugins for Editor in 0.00 ms.
Unloading 1210 Unused Serialized files (Serialized files now loaded: 0)
System memory in use before: 85.1 MB.
System memory in use after: 84.8 MB.

Unloading 7 unused Assets to reduce memory usage. Loaded Objects now: 1729.
Total: 2.290800 ms (FindLiveObjects: 0.300700 ms CreateObjectMapping: 0.042300 ms MarkObjects: 1.546100 ms  DeleteObjects: 0.400900 ms)

========================================================================
Received Import Request.
  Time since last request: 360.350114 seconds.
  path: Assets/Scripts/GameManager/GameManager.cs
  artifactKey: Guid(6e12bba003fe9d14e87707e77a5c7d7c) Importer(815301076,1909f56bfc062723c751e8b465ee728b)
Start importing Assets/Scripts/GameManager/GameManager.cs using Guid(6e12bba003fe9d14e87707e77a5c7d7c) Importer(815301076,1909f56bfc062723c751e8b465ee728b)  -> (artifact id: '71740d7dcb73d94907a021440a3f645c') in 0.010461 seconds
  Import took 0.013128 seconds .

========================================================================
Received Prepare
Registering precompiled user dll's ...
Registered in 0.000977 seconds.
Begin MonoManager ReloadAssembly
Native extension for WindowsStandalone target not found
Refreshing native plugins compatible for Editor in 0.26 ms, found 0 plugins.
Preloading 0 native plugins for Editor in 0.00 ms.
Invoked RoslynAnalysisRunner static constructor.
RoslynAnalysisRunner will not be running.
RoslynAnalysisRunner has terminated.
Mono: successfully reloaded assembly
- Completed reload, in  0.816 seconds
Platform modules already initialized, skipping
Refreshing native plugins compatible for Editor in 0.27 ms, found 0 plugins.
Preloading 0 native plugins for Editor in 0.00 ms.
Unloading 1210 Unused Serialized files (Serialized files now loaded: 0)
System memory in use before: 85.1 MB.
System memory in use after: 84.8 MB.

Unloading 7 unused Assets to reduce memory usage. Loaded Objects now: 1731.
Total: 2.031800 ms (FindLiveObjects: 0.188200 ms CreateObjectMapping: 0.032200 ms MarkObjects: 1.405000 ms  DeleteObjects: 0.405300 ms)

========================================================================
Received Prepare
Registering precompiled user dll's ...
Registered in 0.000936 seconds.
Begin MonoManager ReloadAssembly
Native extension for WindowsStandalone target not found
Refreshing native plugins compatible for Editor in 0.29 ms, found 0 plugins.
Preloading 0 native plugins for Editor in 0.00 ms.
Invoked RoslynAnalysisRunner static constructor.
RoslynAnalysisRunner will not be running.
RoslynAnalysisRunner has terminated.
Mono: successfully reloaded assembly
- Completed reload, in  0.827 seconds
Platform modules already initialized, skipping
Refreshing native plugins compatible for Editor in 0.27 ms, found 0 plugins.
Preloading 0 native plugins for Editor in 0.00 ms.
Unloading 1210 Unused Serialized files (Serialized files now loaded: 0)
System memory in use before: 85.1 MB.
System memory in use after: 84.8 MB.

Unloading 7 unused Assets to reduce memory usage. Loaded Objects now: 1733.
Total: 2.095200 ms (FindLiveObjects: 0.198300 ms CreateObjectMapping: 0.033100 ms MarkObjects: 1.454400 ms  DeleteObjects: 0.408000 ms)

========================================================================
Received Prepare
Registering precompiled user dll's ...
Registered in 0.000941 seconds.
Begin MonoManager ReloadAssembly
Native extension for WindowsStandalone target not found
Refreshing native plugins compatible for Editor in 0.27 ms, found 0 plugins.
Preloading 0 native plugins for Editor in 0.00 ms.
Invoked RoslynAnalysisRunner static constructor.
RoslynAnalysisRunner will not be running.
RoslynAnalysisRunner has terminated.
Mono: successfully reloaded assembly
- Completed reload, in  0.814 seconds
Platform modules already initialized, skipping
Refreshing native plugins compatible for Editor in 0.26 ms, found 0 plugins.
Preloading 0 native plugins for Editor in 0.00 ms.
Unloading 1210 Unused Serialized files (Serialized files now loaded: 0)
System memory in use before: 85.1 MB.
System memory in use after: 84.8 MB.

Unloading 7 unused Assets to reduce memory usage. Loaded Objects now: 1735.
Total: 2.036700 ms (FindLiveObjects: 0.171300 ms CreateObjectMapping: 0.030100 ms MarkObjects: 1.430500 ms  DeleteObjects: 0.403000 ms)

========================================================================
Received Import Request.
  Time since last request: 278.121902 seconds.
  path: Assets/Scripts/Player/PlayerMovement.cs
  artifactKey: Guid(0cb8ece3a8685cb45bfc55e736607699) Importer(815301076,1909f56bfc062723c751e8b465ee728b)
Start importing Assets/Scripts/Player/PlayerMovement.cs using Guid(0cb8ece3a8685cb45bfc55e736607699) Importer(815301076,1909f56bfc062723c751e8b465ee728b)  -> (artifact id: 'eded10fee3baabb61e64e4f8c079830d') in 0.013081 seconds
  Import took 0.015317 seconds .

========================================================================
Received Prepare
Registering precompiled user dll's ...
Registered in 0.001270 seconds.
Begin MonoManager ReloadAssembly
Native extension for WindowsStandalone target not found
Refreshing native plugins compatible for Editor in 0.28 ms, found 0 plugins.
Preloading 0 native plugins for Editor in 0.00 ms.
Invoked RoslynAnalysisRunner static constructor.
RoslynAnalysisRunner will not be running.
RoslynAnalysisRunner has terminated.
Mono: successfully reloaded assembly
- Completed reload, in  0.930 seconds
Platform modules already initialized, skipping
Refreshing native plugins compatible for Editor in 0.29 ms, found 0 plugins.
Preloading 0 native plugins for Editor in 0.00 ms.
Unloading 1211 Unused Serialized files (Serialized files now loaded: 0)
System memory in use before: 85.1 MB.
System memory in use after: 84.9 MB.

Unloading 7 unused Assets to reduce memory usage. Loaded Objects now: 1738.
Total: 2.129200 ms (FindLiveObjects: 0.168700 ms CreateObjectMapping: 0.034900 ms MarkObjects: 1.497700 ms  DeleteObjects: 0.426700 ms)

========================================================================
Received Prepare
Registering precompiled user dll's ...
Registered in 0.000893 seconds.
Begin MonoManager ReloadAssembly
Native extension for WindowsStandalone target not found
Refreshing native plugins compatible for Editor in 0.37 ms, found 0 plugins.
Preloading 0 native plugins for Editor in 0.00 ms.
Invoked RoslynAnalysisRunner static constructor.
RoslynAnalysisRunner will not be running.
RoslynAnalysisRunner has terminated.
Mono: successfully reloaded assembly
- Completed reload, in  0.843 seconds
Platform modules already initialized, skipping
Refreshing native plugins compatible for Editor in 0.33 ms, found 0 plugins.
Preloading 0 native plugins for Editor in 0.00 ms.
Unloading 1211 Unused Serialized files (Serialized files now loaded: 0)
System memory in use before: 85.1 MB.
System memory in use after: 84.9 MB.

Unloading 7 unused Assets to reduce memory usage. Loaded Objects now: 1740.
Total: 2.074200 ms (FindLiveObjects: 0.173900 ms CreateObjectMapping: 0.030400 ms MarkObjects: 1.467300 ms  DeleteObjects: 0.401500 ms)

========================================================================
Received Import Request.
  Time since last request: 122.527202 seconds.
  path: Assets/Scripts/Items/ItemCollecting.cs
  artifactKey: Guid(9c0485bec20ca94418933c2b39a576c1) Importer(815301076,1909f56bfc062723c751e8b465ee728b)
Start importing Assets/Scripts/Items/ItemCollecting.cs using Guid(9c0485bec20ca94418933c2b39a576c1) Importer(815301076,1909f56bfc062723c751e8b465ee728b)  -> (artifact id: '1abc848937f51ce51b6546fe151893d2') in 0.005814 seconds
  Import took 0.007963 seconds .

========================================================================
Received Prepare
Registering precompiled user dll's ...
Registered in 0.000898 seconds.
Begin MonoManager ReloadAssembly
Native extension for WindowsStandalone target not found
Refreshing native plugins compatible for Editor in 0.27 ms, found 0 plugins.
Preloading 0 native plugins for Editor in 0.00 ms.
Invoked RoslynAnalysisRunner static constructor.
RoslynAnalysisRunner will not be running.
RoslynAnalysisRunner has terminated.
Mono: successfully reloaded assembly
- Completed reload, in  0.825 seconds
Platform modules already initialized, skipping
Refreshing native plugins compatible for Editor in 0.29 ms, found 0 plugins.
Preloading 0 native plugins for Editor in 0.00 ms.
Unloading 1211 Unused Serialized files (Serialized files now loaded: 0)
System memory in use before: 85.1 MB.
System memory in use after: 84.9 MB.

Unloading 7 unused Assets to reduce memory usage. Loaded Objects now: 1742.
Total: 2.117300 ms (FindLiveObjects: 0.189500 ms CreateObjectMapping: 0.030100 ms MarkObjects: 1.489600 ms  DeleteObjects: 0.406900 ms)

========================================================================
Received Prepare
Registering precompiled user dll's ...
Registered in 0.001666 seconds.
Begin MonoManager ReloadAssembly
Native extension for WindowsStandalone target not found
Refreshing native plugins compatible for Editor in 0.28 ms, found 0 plugins.
Preloading 0 native plugins for Editor in 0.00 ms.
Invoked RoslynAnalysisRunner static constructor.
RoslynAnalysisRunner will not be running.
RoslynAnalysisRunner has terminated.
Mono: successfully reloaded assembly
- Completed reload, in  0.849 seconds
Platform modules already initialized, skipping
Refreshing native plugins compatible for Editor in 0.28 ms, found 0 plugins.
Preloading 0 native plugins for Editor in 0.00 ms.
Unloading 1211 Unused Serialized files (Serialized files now loaded: 0)
System memory in use before: 85.1 MB.
System memory in use after: 84.9 MB.

Unloading 7 unused Assets to reduce memory usage. Loaded Objects now: 1744.
Total: 2.385400 ms (FindLiveObjects: 0.183500 ms CreateObjectMapping: 0.034300 ms MarkObjects: 1.734200 ms  DeleteObjects: 0.432000 ms)

========================================================================
Received Prepare
Registering precompiled user dll's ...
Registered in 0.000897 seconds.
Begin MonoManager ReloadAssembly
Native extension for WindowsStandalone target not found
Refreshing native plugins compatible for Editor in 0.26 ms, found 0 plugins.
Preloading 0 native plugins for Editor in 0.00 ms.
Invoked RoslynAnalysisRunner static constructor.
RoslynAnalysisRunner will not be running.
RoslynAnalysisRunner has terminated.
Mono: successfully reloaded assembly
- Completed reload, in  0.833 seconds
Platform modules already initialized, skipping
Refreshing native plugins compatible for Editor in 0.27 ms, found 0 plugins.
Preloading 0 native plugins for Editor in 0.00 ms.
Unloading 1211 Unused Serialized files (Serialized files now loaded: 0)
System memory in use before: 85.1 MB.
System memory in use after: 84.9 MB.

Unloading 7 unused Assets to reduce memory usage. Loaded Objects now: 1746.
Total: 2.287300 ms (FindLiveObjects: 0.199300 ms CreateObjectMapping: 0.034800 ms MarkObjects: 1.597000 ms  DeleteObjects: 0.454700 ms)

========================================================================
Received Import Request.
  Time since last request: 372.994182 seconds.
  path: Assets/Scripts/Items/ItemCollecting.cs
  artifactKey: Guid(9c0485bec20ca94418933c2b39a576c1) Importer(815301076,1909f56bfc062723c751e8b465ee728b)
Start importing Assets/Scripts/Items/ItemCollecting.cs using Guid(9c0485bec20ca94418933c2b39a576c1) Importer(815301076,1909f56bfc062723c751e8b465ee728b)  -> (artifact id: '2a829fd54ec89f0ee945837b949e4f5a') in 0.005992 seconds
  Import took 0.009788 seconds .

========================================================================
Received Prepare
Registering precompiled user dll's ...
Registered in 0.000860 seconds.
Begin MonoManager ReloadAssembly
Native extension for WindowsStandalone target not found
Refreshing native plugins compatible for Editor in 0.27 ms, found 0 plugins.
Preloading 0 native plugins for Editor in 0.00 ms.
Invoked RoslynAnalysisRunner static constructor.
RoslynAnalysisRunner will not be running.
RoslynAnalysisRunner has terminated.
Mono: successfully reloaded assembly
- Completed reload, in  0.840 seconds
Platform modules already initialized, skipping
Refreshing native plugins compatible for Editor in 0.28 ms, found 0 plugins.
Preloading 0 native plugins for Editor in 0.00 ms.
Unloading 1211 Unused Serialized files (Serialized files now loaded: 0)
System memory in use before: 85.1 MB.
System memory in use after: 84.9 MB.

Unloading 7 unused Assets to reduce memory usage. Loaded Objects now: 1748.
Total: 2.276700 ms (FindLiveObjects: 0.214500 ms CreateObjectMapping: 0.032600 ms MarkObjects: 1.583100 ms  DeleteObjects: 0.444500 ms)

========================================================================
Received Prepare
Registering precompiled user dll's ...
Registered in 0.000874 seconds.
Begin MonoManager ReloadAssembly
Native extension for WindowsStandalone target not found
Refreshing native plugins compatible for Editor in 0.27 ms, found 0 plugins.
Preloading 0 native plugins for Editor in 0.00 ms.
Invoked RoslynAnalysisRunner static constructor.
RoslynAnalysisRunner will not be running.
RoslynAnalysisRunner has terminated.
Mono: successfully reloaded assembly
- Completed reload, in  0.826 seconds
Platform modules already initialized, skipping
Refreshing native plugins compatible for Editor in 0.35 ms, found 0 plugins.
Preloading 0 native plugins for Editor in 0.00 ms.
Unloading 1211 Unused Serialized files (Serialized files now loaded: 0)
System memory in use before: 85.1 MB.
System memory in use after: 84.9 MB.

Unloading 7 unused Assets to reduce memory usage. Loaded Objects now: 1750.
Total: 2.089500 ms (FindLiveObjects: 0.179500 ms CreateObjectMapping: 0.030100 ms MarkObjects: 1.473400 ms  DeleteObjects: 0.405100 ms)

AssetImportWorkerClient::OnTransportError - code=2 error=End of file
